  (节点已就绪, 详情按钮=3)
✅ 登录(admin)
✅ 菜单冒烟:节点管理
✅ 菜单冒烟:应用管理
✅ 菜单冒烟:版本管理
✅ 菜单冒烟:一键部署
✅ 菜单冒烟:控制台
✅ 菜单冒烟:配置文件管理
✅ 菜单冒烟:日志管理
✅ 菜单冒烟:仪表盘
✅ 菜单冒烟:应用监控
✅ 菜单冒烟:告警中心
✅ 菜单冒烟:告警配置
✅ 菜单冒烟:自愈策略
✅ 菜单冒烟:文档管理
✅ 菜单冒烟:AI 配置
✅ 菜单冒烟:用户管理
✅ 菜单冒烟:操作审计
  (节点新增 message: )
✅ 节点-新增并删除
  (详情按钮数量: 3)
✅ 节点-展开sys-info(agent代理)
  (项目新增 message: )
✅ 应用-新增
  (版本上传 message: )
✅ 版本-上传Jar包
✅ 部署-立即部署与定时取消
✅ 控制台-WebSocket连接并执行命令
  (读取完成: 内容长度=91)
  (分发按钮已启用=true —— 配置写代理已连通)
✅ 配置-读取(agent代理)
  (文档保存 message: 文档已创建
文档已创建
文档已创建)
✅ 文档-新建文档
  (告警配置保存 message: 文档已保存)
✅ 告警配置-保存
✅ 仪表盘-卡片/图表
✅ 应用监控-数据
✅ 告警中心-告警项
✅ 自愈策略-新增并保存
✅ 日志管理-查看日志
✅ AI配置-保存
  (用户新增 message: )
✅ 用户-新增并删除
✅ 操作审计-记录

===== 集成测试汇总 =====
总步骤: 34 | 通过: 34 | 失败: 0 | 警告: 0
Console错误: 0 | API 5xx: 0
